\BOOKMARK [1][-]{section.1}{\376\377\000I\000n\000t\000r\000o\000d\000u\000c\000t\000i\000o\000n}{}% 1
\BOOKMARK [1][-]{section.2}{\376\377\000R\000e\000l\000a\000t\000e\000d\000\040\000W\000o\000r\000k\000s}{}% 2
\BOOKMARK [1][-]{section.3}{\376\377\000G\000a\000L\000o\000r\000e\000:\000\040\000G\000r\000a\000d\000i\000e\000n\000t\000\040\000L\000o\000w\000-\000R\000a\000n\000k\000\040\000P\000r\000o\000j\000e\000c\000t\000i\000o\000n}{}% 3
\BOOKMARK [2][-]{subsection.3.1}{\376\377\000B\000a\000c\000k\000g\000r\000o\000u\000n\000d}{section.3}% 4
\BOOKMARK [2][-]{subsection.3.2}{\376\377\000L\000o\000w\000-\000R\000a\000n\000k\000\040\000P\000r\000o\000p\000e\000r\000t\000y\000\040\000o\000f\000\040\000W\000e\000i\000g\000h\000t\000\040\000G\000r\000a\000d\000i\000e\000n\000t}{section.3}% 5
\BOOKMARK [2][-]{subsection.3.3}{\376\377\000G\000r\000a\000d\000i\000e\000n\000t\000\040\000L\000o\000w\000-\000r\000a\000n\000k\000\040\000P\000r\000o\000j\000e\000c\000t\000i\000o\000n\000\040\000\050\000G\000a\000L\000o\000r\000e\000\051}{section.3}% 6
\BOOKMARK [1][-]{section.4}{\376\377\000G\000a\000L\000o\000r\000e\000\040\000f\000o\000r\000\040\000M\000e\000m\000o\000r\000y\000-\000E\000f\000f\000i\000c\000i\000e\000n\000t\000\040\000T\000r\000a\000i\000n\000i\000n\000g}{}% 7
\BOOKMARK [2][-]{subsection.4.1}{\376\377\000C\000o\000m\000p\000o\000s\000i\000t\000i\000o\000n\000\040\000o\000f\000\040\000L\000o\000w\000-\000R\000a\000n\000k\000\040\000S\000u\000b\000s\000p\000a\000c\000e\000s}{section.4}% 8
\BOOKMARK [2][-]{subsection.4.2}{\376\377\000M\000e\000m\000o\000r\000y\000-\000E\000f\000f\000i\000c\000i\000e\000n\000t\000\040\000O\000p\000t\000i\000m\000i\000z\000a\000t\000i\000o\000n}{section.4}% 9
\BOOKMARK [2][-]{subsection.4.3}{\376\377\000C\000o\000m\000b\000i\000n\000i\000n\000g\000\040\000w\000i\000t\000h\000\040\000E\000x\000i\000s\000t\000i\000n\000g\000\040\000T\000e\000c\000h\000n\000i\000q\000u\000e\000s}{section.4}% 10
\BOOKMARK [2][-]{subsection.4.4}{\376\377\000H\000y\000p\000e\000r\000p\000a\000r\000a\000m\000e\000t\000e\000r\000s\000\040\000o\000f\000\040\000G\000a\000L\000o\000r\000e}{section.4}% 11
\BOOKMARK [1][-]{section.5}{\376\377\000E\000x\000p\000e\000r\000i\000m\000e\000n\000t\000s}{}% 12
\BOOKMARK [2][-]{subsection.5.1}{\376\377\000C\000o\000m\000p\000a\000r\000i\000s\000o\000n\000\040\000w\000i\000t\000h\000\040\000E\000x\000i\000s\000t\000i\000n\000g\000\040\000L\000o\000w\000-\000R\000a\000n\000k\000\040\000M\000e\000t\000h\000o\000d\000s}{section.5}% 13
\BOOKMARK [2][-]{subsection.5.2}{\376\377\000G\000a\000L\000o\000r\000e\000\040\000w\000i\000t\000h\000\040\000M\000e\000m\000o\000r\000y\000-\000E\000f\000f\000i\000c\000i\000e\000n\000t\000\040\000O\000p\000t\000i\000m\000i\000z\000e\000r\000s}{section.5}% 14
\BOOKMARK [2][-]{subsection.5.3}{\376\377\000S\000c\000a\000l\000i\000n\000g\000\040\000u\000p\000\040\000t\000o\000\040\000L\000L\000a\000M\000A\000\040\0007\000B\000\040\000A\000r\000c\000h\000i\000t\000e\000c\000t\000u\000r\000e}{section.5}% 15
\BOOKMARK [2][-]{subsection.5.4}{\376\377\000M\000e\000m\000o\000r\000y\000-\000E\000f\000f\000i\000c\000i\000e\000n\000t\000\040\000F\000i\000n\000e\000-\000T\000u\000n\000i\000n\000g}{section.5}% 16
\BOOKMARK [2][-]{subsection.5.5}{\376\377\000M\000e\000a\000s\000u\000r\000e\000m\000e\000n\000t\000\040\000o\000f\000\040\000M\000e\000m\000o\000r\000y\000\040\000a\000n\000d\000\040\000T\000h\000r\000o\000u\000g\000h\000p\000u\000t}{section.5}% 17
\BOOKMARK [1][-]{section.6}{\376\377\000A\000b\000l\000a\000t\000i\000o\000n\000\040\000S\000t\000u\000d\000y}{}% 18
\BOOKMARK [1][-]{section.7}{\376\377\000C\000o\000n\000c\000l\000u\000s\000i\000o\000n}{}% 19
\BOOKMARK [1][-]{appendix.A}{\376\377\000A\000d\000d\000i\000t\000i\000o\000n\000a\000l\000\040\000R\000e\000l\000a\000t\000e\000d\000\040\000W\000o\000r\000k\000s}{}% 20
\BOOKMARK [1][-]{appendix.B}{\376\377\000P\000r\000o\000o\000f\000s}{}% 21
\BOOKMARK [2][-]{subsection.B.1}{\376\377\000R\000e\000v\000e\000r\000s\000i\000b\000i\000l\000i\000t\000y}{appendix.B}% 22
\BOOKMARK [2][-]{subsection.B.2}{\376\377\000G\000r\000a\000d\000i\000e\000n\000t\000\040\000b\000e\000c\000o\000m\000e\000s\000\040\000l\000o\000w\000-\000r\000a\000n\000k}{appendix.B}% 23
\BOOKMARK [2][-]{subsection.B.3}{\376\377\000G\000r\000a\000d\000i\000e\000n\000t\000\040\000L\000o\000w\000-\000r\000a\000n\000k\000\040\000p\000r\000o\000p\000e\000r\000t\000y\000\040\000f\000o\000r\000\040\000T\000r\000a\000n\000s\000f\000o\000r\000m\000e\000r\000s}{appendix.B}% 24
\BOOKMARK [2][-]{subsection.B.4}{\376\377\000C\000o\000n\000v\000e\000r\000g\000e\000n\000c\000e\000\040\000o\000f\000\040\000G\000a\000L\000o\000r\000e}{appendix.B}% 25
\BOOKMARK [1][-]{appendix.C}{\376\377\000D\000e\000t\000a\000i\000l\000s\000\040\000o\000f\000\040\000P\000r\000e\000-\000T\000r\000a\000i\000n\000i\000n\000g\000\040\000E\000x\000p\000e\000r\000i\000m\000e\000n\000t}{}% 26
\BOOKMARK [2][-]{subsection.C.1}{\376\377\000A\000r\000c\000h\000i\000t\000e\000c\000t\000u\000r\000e\000\040\000a\000n\000d\000\040\000H\000y\000p\000e\000r\000p\000a\000r\000a\000m\000e\000t\000e\000r\000s}{appendix.C}% 27
\BOOKMARK [2][-]{subsection.C.2}{\376\377\000M\000e\000m\000o\000r\000y\000\040\000E\000s\000t\000i\000m\000a\000t\000e\000s}{appendix.C}% 28
\BOOKMARK [2][-]{subsection.C.3}{\376\377\000T\000r\000a\000i\000n\000i\000n\000g\000\040\000P\000r\000o\000g\000r\000e\000s\000s\000i\000o\000n}{appendix.C}% 29
\BOOKMARK [1][-]{appendix.D}{\376\377\000F\000i\000n\000e\000-\000T\000u\000n\000i\000n\000g\000\040\000E\000x\000p\000e\000r\000i\000m\000e\000n\000t\000s}{}% 30
\BOOKMARK [2][-]{subsection.D.1}{\376\377\000D\000e\000t\000a\000i\000l\000s\000\040\000o\000f\000\040\000F\000i\000n\000e\000-\000T\000u\000n\000i\000n\000g\000\040\000o\000n\000\040\000G\000L\000U\000E}{appendix.D}% 31
\BOOKMARK [2][-]{subsection.D.2}{\376\377\000F\000i\000n\000e\000-\000T\000u\000n\000i\000n\000g\000\040\000o\000n\000\040\000S\000Q\000u\000A\000D\000\040\000d\000a\000t\000a\000s\000e\000t}{appendix.D}% 32
\BOOKMARK [2][-]{subsection.D.3}{\376\377\000F\000i\000n\000e\000-\000T\000u\000n\000i\000n\000g\000\040\000o\000n\000\040\000O\000p\000e\000n\000A\000s\000s\000i\000s\000t\000a\000n\000t\000\040\000C\000o\000n\000v\000e\000r\000s\000a\000t\000i\000o\000n\000s\000\040\000D\000a\000t\000a\000s\000e\000t}{appendix.D}% 33
\BOOKMARK [2][-]{subsection.D.4}{\376\377\000F\000i\000n\000e\000-\000T\000u\000n\000i\000n\000g\000\040\000o\000n\000\040\000B\000e\000l\000l\000e\000-\0001\000M\000\040\000D\000a\000t\000a\000s\000e\000t}{appendix.D}% 34
\BOOKMARK [1][-]{appendix.E}{\376\377\000A\000d\000d\000i\000t\000i\000o\000n\000a\000l\000\040\000M\000e\000m\000o\000r\000y\000\040\000M\000e\000a\000s\000u\000r\000e\000m\000e\000n\000t\000s}{}% 35
